<?xml version="1.0" encoding="UTF-8"?>
<testng-results skipped="0" failed="1" total="1" passed="0">
  <reporter-output>
  </reporter-output>
  <suite name="Default suite" duration-ms="20237" started-at="2015-11-17T22:02:05Z" finished-at="2015-11-17T22:02:26Z">
    <groups>
    </groups>
    <test name="Default test" duration-ms="20237" started-at="2015-11-17T22:02:05Z" finished-at="2015-11-17T22:02:26Z">
      <class name="com.appium.mobilebrowser.LaunchDefaultAndroidBrowser">
        <test-method status="FAIL" signature="testLaunchBrowser()[pri:0, instance:com.appium.mobilebrowser.LaunchDefaultAndroidBrowser@340f438e]" name="testLaunchBrowser" duration-ms="20218" started-at="2015-11-17T17:02:05Z" finished-at="2015-11-17T17:02:26Z">
          <exception class="org.openqa.selenium.WebDriverException">
            <message>
              <![CDATA[unknown error: unhandled inspector error: {"code":-32603,"message":"Unable to capture screenshot"}
  (Session info: chrome=46.0.2490.76)
  (Driver info: chromedriver=2.15.322455 (ae8db840dac8d0c453355d3d922c91adfb61df8f),platform=Mac OS X 10.10.3 x86_64) (WARNING: The server did not provide any stacktrace information)
Command duration or timeout: 3.77 seconds
Build info: version: 'unknown', revision: 'unknown', time: 'unknown'
System info: host: 'usnycpww4255.global.publicisgroupe.net', ip: '169.254.17.180', os.name: 'Mac OS X', os.arch: 'x86_64', os.version: '10.10.3', java.version: '1.8.0_51'
Driver info: io.appium.java_client.android.AndroidDriver
Capabilities [{applicationCacheEnabled=false, rotatable=false, mobileEmulationEnabled=false, chrome={}, takesHeapSnapshot=true, databaseEnabled=false, handlesAlerts=true, version=46.0.2490.76, platform=ANDROID, browserConnectionEnabled=false, nativeEvents=true, acceptSslCerts=true, locationContextEnabled=true, webStorageEnabled=true, browserName=chrome, takesScreenshot=true, javascriptEnabled=true, cssSelectorsEnabled=true}]
Session ID: c9c8ecaed9a667402af1eba4fc98c814]]>
            </message>
            <full-stacktrace>
              <![CDATA[org.openqa.selenium.WebDriverException: unknown error: unhandled inspector error: {"code":-32603,"message":"Unable to capture screenshot"}
  (Session info: chrome=46.0.2490.76)
  (Driver info: chromedriver=2.15.322455 (ae8db840dac8d0c453355d3d922c91adfb61df8f),platform=Mac OS X 10.10.3 x86_64) (WARNING: The server did not provide any stacktrace information)
Command duration or timeout: 3.77 seconds
Build info: version: 'unknown', revision: 'unknown', time: 'unknown'
System info: host: 'usnycpww4255.global.publicisgroupe.net', ip: '169.254.17.180', os.name: 'Mac OS X', os.arch: 'x86_64', os.version: '10.10.3', java.version: '1.8.0_51'
Driver info: io.appium.java_client.android.AndroidDriver
Capabilities [{applicationCacheEnabled=false, rotatable=false, mobileEmulationEnabled=false, chrome={}, takesHeapSnapshot=true, databaseEnabled=false, handlesAlerts=true, version=46.0.2490.76, platform=ANDROID, browserConnectionEnabled=false, nativeEvents=true, acceptSslCerts=true, locationContextEnabled=true, webStorageEnabled=true, browserName=chrome, takesScreenshot=true, javascriptEnabled=true, cssSelectorsEnabled=true}]
Session ID: c9c8ecaed9a667402af1eba4fc98c814
	at sun.reflect.NativeConstructorAccessorImpl.newInstance0(Native Method)
	at sun.reflect.NativeConstructorAccessorImpl.newInstance(NativeConstructorAccessorImpl.java:62)
	at sun.reflect.DelegatingConstructorAccessorImpl.newInstance(DelegatingConstructorAccessorImpl.java:45)
	at java.lang.reflect.Constructor.newInstance(Constructor.java:422)
	at org.openqa.selenium.remote.ErrorHandler.createThrowable(ErrorHandler.java:204)
	at org.openqa.selenium.remote.ErrorHandler.throwIfResponseFailed(ErrorHandler.java:156)
	at org.openqa.selenium.remote.RemoteWebDriver.execute(RemoteWebDriver.java:599)
	at io.appium.java_client.DefaultGenericMobileDriver.execute(DefaultGenericMobileDriver.java:27)
	at io.appium.java_client.AppiumDriver.execute(AppiumDriver.java:272)
	at org.openqa.selenium.remote.RemoteWebDriver.getScreenshotAs(RemoteWebDriver.java:324)
	at com.appium.mobilebrowser.LaunchDefaultAndroidBrowser.testLaunchBrowser(LaunchDefaultAndroidBrowser.java:62)
	at sun.reflect.NativeMethodAccessorImpl.invoke0(Native Method)
	at sun.reflect.NativeMethodAccessorImpl.invoke(NativeMethodAccessorImpl.java:62)
	at sun.reflect.DelegatingMethodAccessorImpl.invoke(DelegatingMethodAccessorImpl.java:43)
	at java.lang.reflect.Method.invoke(Method.java:497)
	at org.testng.internal.MethodInvocationHelper.invokeMethod(MethodInvocationHelper.java:84)
	at org.testng.internal.Invoker.invokeMethod(Invoker.java:714)
	at org.testng.internal.Invoker.invokeTestMethod(Invoker.java:901)
	at org.testng.internal.Invoker.invokeTestMethods(Invoker.java:1231)
	at org.testng.internal.TestMethodWorker.invokeTestMethods(TestMethodWorker.java:127)
	at org.testng.internal.TestMethodWorker.run(TestMethodWorker.java:111)
	at org.testng.TestRunner.privateRun(TestRunner.java:767)
	at org.testng.TestRunner.run(TestRunner.java:617)
	at org.testng.SuiteRunner.runTest(SuiteRunner.java:334)
	at org.testng.SuiteRunner.runSequentially(SuiteRunner.java:329)
	at org.testng.SuiteRunner.privateRun(SuiteRunner.java:291)
	at org.testng.SuiteRunner.run(SuiteRunner.java:240)
	at org.testng.SuiteRunnerWorker.runSuite(SuiteRunnerWorker.java:52)
	at org.testng.SuiteRunnerWorker.run(SuiteRunnerWorker.java:86)
	at org.testng.TestNG.runSuitesSequentially(TestNG.java:1224)
	at org.testng.TestNG.runSuitesLocally(TestNG.java:1149)
	at org.testng.TestNG.run(TestNG.java:1057)
	at org.testng.remote.RemoteTestNG.run(RemoteTestNG.java:111)
	at org.testng.remote.RemoteTestNG.initAndRun(RemoteTestNG.java:204)
	at org.testng.remote.RemoteTestNG.main(RemoteTestNG.java:175)
]]>
            </full-stacktrace>
          </exception> <!-- org.openqa.selenium.WebDriverException -->
          <reporter-output>
          </reporter-output>
        </test-method> <!-- testLaunchBrowser -->
      </class> <!-- com.appium.mobilebrowser.LaunchDefaultAndroidBrowser -->
    </test> <!-- Default test -->
  </suite> <!-- Default suite -->
</testng-results>
