<?xml version="1.0" encoding="UTF-8"?>
<testng-results skipped="1" failed="0" total="1" passed="0">
  <reporter-output>
  </reporter-output>
  <suite name="Default suite" duration-ms="42" started-at="2015-07-27T20:33:01Z" finished-at="2015-07-27T20:33:01Z">
    <groups>
    </groups>
    <test name="Default test" duration-ms="42" started-at="2015-07-27T20:33:01Z" finished-at="2015-07-27T20:33:01Z">
      <class name="iPhoneTestRun">
        <test-method status="FAIL" signature="setUp()[pri:0, instance:iPhoneTestRun@1c53fd30]" name="setUp" is-config="true" duration-ms="0" started-at="2015-07-27T16:33:01Z" finished-at="2015-07-27T16:33:01Z">
          <exception class="java.lang.NoClassDefFoundError">
            <message>
              <![CDATA[com/google/common/base/Function]]>
            </message>
            <full-stacktrace>
              <![CDATA[java.lang.NoClassDefFoundError: com/google/common/base/Function
	at iPhoneTestRun.setUp(iPhoneTestRun.java:33)
	at sun.reflect.NativeMethodAccessorImpl.invoke0(Native Method)
	at sun.reflect.NativeMethodAccessorImpl.invoke(NativeMethodAccessorImpl.java:62)
	at sun.reflect.DelegatingMethodAccessorImpl.invoke(DelegatingMethodAccessorImpl.java:43)
	at java.lang.reflect.Method.invoke(Method.java:497)
	at org.testng.internal.MethodInvocationHelper.invokeMethod(MethodInvocationHelper.java:84)
	at org.testng.internal.Invoker.invokeConfigurationMethod(Invoker.java:564)
	at org.testng.internal.Invoker.invokeConfigurations(Invoker.java:213)
	at org.testng.internal.Invoker.invokeConfigurations(Invoker.java:138)
	at org.testng.internal.TestMethodWorker.invokeBeforeClassMethods(TestMethodWorker.java:175)
	at org.testng.internal.TestMethodWorker.run(TestMethodWorker.java:107)
	at org.testng.TestRunner.privateRun(TestRunner.java:767)
	at org.testng.TestRunner.run(TestRunner.java:617)
	at org.testng.SuiteRunner.runTest(SuiteRunner.java:334)
	at org.testng.SuiteRunner.runSequentially(SuiteRunner.java:329)
	at org.testng.SuiteRunner.privateRun(SuiteRunner.java:291)
	at org.testng.SuiteRunner.run(SuiteRunner.java:240)
	at org.testng.SuiteRunnerWorker.runSuite(SuiteRunnerWorker.java:52)
	at org.testng.SuiteRunnerWorker.run(SuiteRunnerWorker.java:86)
	at org.testng.TestNG.runSuitesSequentially(TestNG.java:1224)
	at org.testng.TestNG.runSuitesLocally(TestNG.java:1149)
	at org.testng.TestNG.run(TestNG.java:1057)
	at org.testng.remote.RemoteTestNG.run(RemoteTestNG.java:111)
	at org.testng.remote.RemoteTestNG.initAndRun(RemoteTestNG.java:204)
	at org.testng.remote.RemoteTestNG.main(RemoteTestNG.java:175)
Caused by: java.lang.ClassNotFoundException: com.google.common.base.Function
	at java.net.URLClassLoader.findClass(URLClassLoader.java:381)
	at java.lang.ClassLoader.loadClass(ClassLoader.java:424)
	at sun.misc.Launcher$AppClassLoader.loadClass(Launcher.java:331)
	at java.lang.ClassLoader.loadClass(ClassLoader.java:357)
	... 25 more
]]>
            </full-stacktrace>
          </exception> <!-- java.lang.NoClassDefFoundError -->
          <reporter-output>
          </reporter-output>
        </test-method> <!-- setUp -->
        <test-method status="SKIP" signature="setUp()[pri:0, instance:iPhoneTestRun@1c53fd30]" name="setUp" is-config="true" duration-ms="0" started-at="2015-07-27T16:33:01Z" finished-at="2015-07-27T16:33:01Z">
          <reporter-output>
          </reporter-output>
        </test-method> <!-- setUp -->
        <test-method status="SKIP" signature="measurePerformance()[pri:0, instance:iPhoneTestRun@1c53fd30]" name="measurePerformance" duration-ms="0" started-at="2015-07-27T16:33:01Z" finished-at="2015-07-27T16:33:01Z">
          <reporter-output>
          </reporter-output>
        </test-method> <!-- measurePerformance -->
        <test-method status="SKIP" signature="tearDown()[pri:0, instance:iPhoneTestRun@1c53fd30]" name="tearDown" is-config="true" duration-ms="0" started-at="2015-07-27T16:33:01Z" finished-at="2015-07-27T16:33:01Z">
          <reporter-output>
          </reporter-output>
        </test-method> <!-- tearDown -->
        <test-method status="SKIP" signature="tearDown()[pri:0, instance:iPhoneTestRun@1c53fd30]" name="tearDown" is-config="true" duration-ms="0" started-at="2015-07-27T16:33:01Z" finished-at="2015-07-27T16:33:01Z">
          <reporter-output>
          </reporter-output>
        </test-method> <!-- tearDown -->
      </class> <!-- iPhoneTestRun -->
    </test> <!-- Default test -->
  </suite> <!-- Default suite -->
</testng-results>
